2026-06-29 12:41:27 - INFO - Authenticating WEkEO API and building query queue...
2026-06-29 12:41:30 - INFO - Successfully loaded pre-compiled inventory: 'wekeo_data_inventory.csv'
2026-06-29 12:41:30 - INFO - Queued: Dominant Leaf Type (2018) at 10m
2026-06-29 12:41:30 - INFO - Queued: Tree Cover Density (2018) at 10m
2026-06-29 12:41:30 - INFO - 
==================================================
Building Lake Layer: Dominant_Leaf_Type_2018
==================================================
2026-06-29 12:41:30 - INFO - ====EO:EEA:DAT:HRL:TCF====
2026-06-29 12:41:30 - INFO - Executing search query...
    {
        "dataset_id": "EO:EEA:DAT:HRL:TCF",
        "bbox": [
            3.866685,
            50.66339,
            4.945801,
            51.481383
        ],
        "productType": "Dominant Leaf Type",
        "resolution": "10m",
        "year": "2018",
        "itemsPerPage": 200,
        "startIndex": 0
    }
2026-06-29 12:41:31 - INFO - Query returned a group of 4 files. Downloading individually...
2026-06-29 12:41:31 - INFO - Staging tile 1/4 from group...
2026-06-29 12:43:17 - INFO - Authenticating WEkEO API and building query queue...
2026-06-29 12:43:19 - INFO - Successfully loaded pre-compiled inventory: 'wekeo_data_inventory.csv'
2026-06-29 12:43:19 - INFO - Queued: Dominant Leaf Type (2018) at 10m
2026-06-29 12:43:19 - INFO - Queued: Tree Cover Density (2018) at 10m
2026-06-29 12:43:19 - INFO - 
==================================================
Building Lake Layer: Dominant_Leaf_Type_2018
==================================================
2026-06-29 12:43:19 - INFO - ====EO:EEA:DAT:HRL:TCF====
2026-06-29 12:43:19 - INFO - Executing search query...
    {
        "dataset_id": "EO:EEA:DAT:HRL:TCF",
        "bbox": [
            3.866685,
            50.66339,
            4.945801,
            51.481383
        ],
        "productType": "Dominant Leaf Type",
        "resolution": "10m",
        "year": "2018",
        "itemsPerPage": 200,
        "startIndex": 0
    }
2026-06-29 12:43:21 - INFO - Query returned a group of 4 files. Downloading individually...
2026-06-29 12:43:21 - INFO - Staging tile 1/4 from group...
2026-06-29 12:44:57 - INFO - Authenticating WEkEO API and building query queue...
2026-06-29 12:44:59 - INFO - Successfully loaded pre-compiled inventory: 'wekeo_data_inventory.csv'
2026-06-29 12:44:59 - INFO - Queued: Dominant Leaf Type (2018) at 10m
2026-06-29 12:44:59 - INFO - Queued: Tree Cover Density (2018) at 10m
2026-06-29 12:44:59 - INFO - 
==================================================
Building Lake Layer: Dominant_Leaf_Type_2018
==================================================
2026-06-29 12:44:59 - INFO - ====EO:EEA:DAT:HRL:TCF====
2026-06-29 12:44:59 - INFO - Executing search query...
    {
        "dataset_id": "EO:EEA:DAT:HRL:TCF",
        "bbox": [
            3.866685,
            50.66339,
            4.945801,
            51.481383
        ],
        "productType": "Dominant Leaf Type",
        "resolution": "10m",
        "year": "2018",
        "itemsPerPage": 200,
        "startIndex": 0
    }
2026-06-29 12:45:00 - INFO - Query returned 4 files. Handing off to HDA bulk downloader...
2026-06-29 12:45:31 - INFO - Found 4 zip files. Starting extraction...
2026-06-29 12:45:31 - INFO - All .tif files have been gathered successfully!
2026-06-29 12:45:31 - INFO - Found 4 files. Building VRT blueprint...
2026-06-29 12:45:31 - INFO - Virtual mosaic successfully saved to: ./microlake/raw/wekeo\EO_EEA_DAT_HRL_TCF\Dominant_Leaf_Type\tif_files\Dominant_Leaf_Type_2018.vrt
2026-06-29 12:45:31 - INFO - Initializing 'coverage' processing pipeline for VRT...
2026-06-29 12:45:31 - INFO - Processing spatial math for class: All_non_tree_areas
2026-06-29 12:45:31 - INFO - Streaming VRT blocks to calculate mask for class 0...
2026-06-29 12:45:31 - ERROR - Pipeline failure on class All_non_tree_areas: Write failed. See previous exception for details.
Traceback (most recent call last):
  File "rasterio\\_io.pyx", line 1833, in rasterio._io.DatasetWriterBase.write
  File "rasterio\\_io.pyx", line 199, in rasterio._io.io_multi_band
  File "rasterio\\_io.pyx", line 205, in rasterio._io.io_multi_band
  File "rasterio\\_err.pyx", line 325, in rasterio._err.StackChecker.exc_wrap_int
rasterio._err.CPLE_AppDefinedError: Writing through VRTSourcedRasterBand is not supported.

The above exception was the direct cause of the following exception:

Traceback (most recent call last):
  File "C:\Users\niels\Documents\Repositories\BmC\src\bmc\lake\spatiotemporal.py", line 248, in build_fractional_cogs
    self.compute_class_fraction(source_path, cls_int, grid_name, temp_path, logger)
  File "C:\Users\niels\Documents\Repositories\BmC\src\bmc\engine\spatial.py", line 844, in compute_class_fraction
    dst.write(mask, 1, window=window)
  File "rasterio\\_io.pyx", line 1835, in rasterio._io.DatasetWriterBase.write
rasterio.errors.RasterioIOError: Write failed. See previous exception for details.
2026-06-29 12:45:31 - ERROR - Pipeline failure during coverage: Write failed. See previous exception for details.
Traceback (most recent call last):
  File "rasterio\\_io.pyx", line 1833, in rasterio._io.DatasetWriterBase.write
  File "rasterio\\_io.pyx", line 199, in rasterio._io.io_multi_band
  File "rasterio\\_io.pyx", line 205, in rasterio._io.io_multi_band
  File "rasterio\\_err.pyx", line 325, in rasterio._err.StackChecker.exc_wrap_int
rasterio._err.CPLE_AppDefinedError: Writing through VRTSourcedRasterBand is not supported.

The above exception was the direct cause of the following exception:

Traceback (most recent call last):
  File "C:\Users\niels\Documents\Repositories\BmC\src\bmc\lake\spatiotemporal.py", line 394, in process_virtual_mosaic
    self.build_fractional_cogs(
  File "C:\Users\niels\Documents\Repositories\BmC\src\bmc\lake\spatiotemporal.py", line 248, in build_fractional_cogs
    self.compute_class_fraction(source_path, cls_int, grid_name, temp_path, logger)
  File "C:\Users\niels\Documents\Repositories\BmC\src\bmc\engine\spatial.py", line 844, in compute_class_fraction
    dst.write(mask, 1, window=window)
  File "rasterio\\_io.pyx", line 1835, in rasterio._io.DatasetWriterBase.write
rasterio.errors.RasterioIOError: Write failed. See previous exception for details.
2026-06-29 12:48:42 - INFO - Authenticating WEkEO API and building query queue...
2026-06-29 12:48:44 - INFO - Successfully loaded pre-compiled inventory: 'wekeo_data_inventory.csv'
2026-06-29 12:48:44 - INFO - Queued: Dominant Leaf Type (2018) at 10m
2026-06-29 12:48:44 - INFO - Queued: Tree Cover Density (2018) at 10m
2026-06-29 12:48:44 - INFO - 
==================================================
Building Lake Layer: Dominant_Leaf_Type_2018
==================================================
2026-06-29 12:48:44 - INFO - ====EO:EEA:DAT:HRL:TCF====
2026-06-29 12:48:44 - INFO - Executing search query...
    {
        "dataset_id": "EO:EEA:DAT:HRL:TCF",
        "bbox": [
            3.866685,
            50.66339,
            4.945801,
            51.481383
        ],
        "productType": "Dominant Leaf Type",
        "resolution": "10m",
        "year": "2018",
        "itemsPerPage": 200,
        "startIndex": 0
    }
2026-06-29 12:48:45 - INFO - Query returned 4 files. Handing off to HDA bulk downloader...
2026-06-29 12:49:11 - INFO - Found 4 zip files. Starting extraction...
2026-06-29 12:49:12 - INFO - All .tif files have been gathered successfully!
2026-06-29 12:49:12 - INFO - Found 4 files. Building VRT blueprint...
2026-06-29 12:49:12 - INFO - Virtual mosaic successfully saved to: ./microlake/raw/wekeo\EO_EEA_DAT_HRL_TCF\Dominant_Leaf_Type\tif_files\Dominant_Leaf_Type_2018.vrt
2026-06-29 12:49:12 - INFO - Initializing 'coverage' processing pipeline for VRT...
2026-06-29 12:49:12 - INFO - Processing spatial math for class: All_non_tree_areas
2026-06-29 12:49:12 - INFO - Streaming VRT blocks to calculate mask for class 0...
2026-06-29 12:49:28 - INFO - Preparing out-of-core reprojection to EEA_1km...
2026-06-29 12:49:28 - INFO - Utilizing 'average' resampling for reprojection.
2026-06-29 12:49:28 - INFO - Warping to C:\Users\niels\AppData\Local\Temp\temp_frac_nscljn3y.tif (Resampling: average)...
2026-06-29 12:49:31 - INFO - Reprojection complete.
2026-06-29 12:49:32 - INFO - Successfully baked COG: ./microlake\TCF\Dominant_Leaf_Type\coverage\Dominant_Leaf_Type_2018_EEA_1km_All_non_tree_areas.tif
2026-06-29 12:49:32 - WARNING - Could not delete temp file C:\Users\niels\AppData\Local\Temp\temp_frac_nscljn3y.tif: [WinError 32] The process cannot access the file because it is being used by another process: 'C:\\Users\\niels\\AppData\\Local\\Temp\\temp_frac_nscljn3y.tif'
2026-06-29 12:49:32 - INFO - Processing spatial math for class: Broadleaved
2026-06-29 12:49:32 - INFO - Streaming VRT blocks to calculate mask for class 1...
2026-06-29 12:49:47 - INFO - Preparing out-of-core reprojection to EEA_1km...
2026-06-29 12:49:47 - INFO - Utilizing 'average' resampling for reprojection.
2026-06-29 12:49:47 - INFO - Warping to C:\Users\niels\AppData\Local\Temp\temp_frac_o530631o.tif (Resampling: average)...
2026-06-29 12:49:50 - INFO - Reprojection complete.
2026-06-29 12:49:50 - INFO - Successfully baked COG: ./microlake\TCF\Dominant_Leaf_Type\coverage\Dominant_Leaf_Type_2018_EEA_1km_Broadleaved.tif
2026-06-29 12:49:50 - WARNING - Could not delete temp file C:\Users\niels\AppData\Local\Temp\temp_frac_o530631o.tif: [WinError 32] The process cannot access the file because it is being used by another process: 'C:\\Users\\niels\\AppData\\Local\\Temp\\temp_frac_o530631o.tif'
2026-06-29 12:49:50 - INFO - Processing spatial math for class: Coniferous
2026-06-29 12:49:50 - INFO - Streaming VRT blocks to calculate mask for class 2...
2026-06-29 12:50:07 - INFO - Preparing out-of-core reprojection to EEA_1km...
2026-06-29 12:50:07 - INFO - Utilizing 'average' resampling for reprojection.
2026-06-29 12:50:07 - INFO - Warping to C:\Users\niels\AppData\Local\Temp\temp_frac_9cocb7_v.tif (Resampling: average)...
2026-06-29 12:50:10 - INFO - Reprojection complete.
2026-06-29 12:50:10 - INFO - Successfully baked COG: ./microlake\TCF\Dominant_Leaf_Type\coverage\Dominant_Leaf_Type_2018_EEA_1km_Coniferous.tif
2026-06-29 12:50:10 - WARNING - Could not delete temp file C:\Users\niels\AppData\Local\Temp\temp_frac_9cocb7_v.tif: [WinError 32] The process cannot access the file because it is being used by another process: 'C:\\Users\\niels\\AppData\\Local\\Temp\\temp_frac_9cocb7_v.tif'
2026-06-29 12:50:10 - INFO - 
==================================================
Building Lake Layer: Tree_Cover_Density_2018
==================================================
2026-06-29 12:50:10 - INFO - ====EO:EEA:DAT:HRL:TCF====
2026-06-29 12:50:10 - INFO - Executing search query...
    {
        "dataset_id": "EO:EEA:DAT:HRL:TCF",
        "bbox": [
            3.866685,
            50.66339,
            4.945801,
            51.481383
        ],
        "productType": "Tree Cover Density",
        "resolution": "10m",
        "year": "2018",
        "itemsPerPage": 200,
        "startIndex": 0
    }
2026-06-29 12:50:12 - INFO - Query returned 4 files. Handing off to HDA bulk downloader...
2026-06-29 12:52:50 - INFO - Found 4 zip files. Starting extraction...
2026-06-29 12:52:53 - INFO - All .tif files have been gathered successfully!
2026-06-29 12:52:53 - INFO - Found 4 files. Building VRT blueprint...
2026-06-29 12:52:53 - INFO - Virtual mosaic successfully saved to: ./microlake/raw/wekeo\EO_EEA_DAT_HRL_TCF\Tree_Cover_Density\tif_files\Tree_Cover_Density_2018.vrt
2026-06-29 12:52:53 - INFO - Initializing 'reproject' processing pipeline for VRT...
2026-06-29 12:52:53 - INFO - Preparing out-of-core reprojection to EEA_1km...
2026-06-29 12:52:53 - INFO - Utilizing 'average' resampling for reprojection.
2026-06-29 12:52:53 - INFO - Warping to ./microlake\TCF\Tree_Cover_Density\average\temp_Tree_Cover_Density_2018_EEA_1km_average.tif (Resampling: average)...
2026-06-29 12:52:53 - INFO - Reprojection complete.
2026-06-29 12:52:53 - INFO - Exporting to Cloud Optimized GeoTIFF: ./microlake\TCF\Tree_Cover_Density\average\Tree_Cover_Density_2018_EEA_1km_average.tif
2026-06-29 12:52:55 - INFO - Temporary GTiff stream complete. Building COG pyramids across all cores...
2026-06-29 12:52:55 - INFO - COG successfully generated.
2026-06-29 12:52:55 - INFO - Initializing 'reproject' processing pipeline for VRT...
2026-06-29 12:52:55 - INFO - Preparing out-of-core reprojection to EEA_1km...
2026-06-29 12:52:55 - INFO - Utilizing 'max' resampling for reprojection.
2026-06-29 12:52:55 - INFO - Warping to ./microlake\TCF\Tree_Cover_Density\max\temp_Tree_Cover_Density_2018_EEA_1km_max.tif (Resampling: max)...
2026-06-29 12:52:55 - INFO - Reprojection complete.
2026-06-29 12:52:55 - INFO - Exporting to Cloud Optimized GeoTIFF: ./microlake\TCF\Tree_Cover_Density\max\Tree_Cover_Density_2018_EEA_1km_max.tif
2026-06-29 12:52:56 - INFO - Temporary GTiff stream complete. Building COG pyramids across all cores...
2026-06-29 12:52:56 - INFO - COG successfully generated.
2026-06-29 12:52:56 - INFO - Initializing 'reproject' processing pipeline for VRT...
2026-06-29 12:52:56 - INFO - Preparing out-of-core reprojection to EEA_1km...
2026-06-29 12:52:56 - INFO - Utilizing 'min' resampling for reprojection.
2026-06-29 12:52:56 - INFO - Warping to ./microlake\TCF\Tree_Cover_Density\min\temp_Tree_Cover_Density_2018_EEA_1km_min.tif (Resampling: min)...
2026-06-29 12:52:56 - INFO - Reprojection complete.
2026-06-29 12:52:56 - INFO - Exporting to Cloud Optimized GeoTIFF: ./microlake\TCF\Tree_Cover_Density\min\Tree_Cover_Density_2018_EEA_1km_min.tif
2026-06-29 12:52:56 - INFO - Temporary GTiff stream complete. Building COG pyramids across all cores...
2026-06-29 12:52:56 - INFO - COG successfully generated.
2026-06-29 12:52:57 - INFO - Initializing 'reproject' processing pipeline for VRT...
2026-06-29 12:52:57 - INFO - Preparing out-of-core reprojection to EEA_1km...
2026-06-29 12:52:57 - INFO - Utilizing 'rms' resampling for reprojection.
2026-06-29 12:52:57 - INFO - Warping to ./microlake\TCF\Tree_Cover_Density\rms\temp_Tree_Cover_Density_2018_EEA_1km_rms.tif (Resampling: rms)...
2026-06-29 12:52:57 - INFO - Reprojection complete.
2026-06-29 12:52:57 - INFO - Exporting to Cloud Optimized GeoTIFF: ./microlake\TCF\Tree_Cover_Density\rms\Tree_Cover_Density_2018_EEA_1km_rms.tif
2026-06-29 12:52:57 - INFO - Temporary GTiff stream complete. Building COG pyramids across all cores...
2026-06-29 12:52:57 - INFO - COG successfully generated.
2026-06-29 12:52:57 - INFO - keep_raw is False. Purging raw data directory: ./microlake/raw/
2026-06-29 12:52:57 - INFO - Raw data successfully deleted.
2026-06-29 12:53:03 - INFO - 
=== Initiating Global QA Sweep on: c:\Users\niels\Documents\Repositories\BmC\scripts\datalake\microlake ===
2026-06-29 12:53:03 - INFO - 
--- Validating: TCF | Dominant_Leaf_Type | 2018 ---
2026-06-29 12:53:03 - INFO -     -> EEA_1km_All_non_tree_areas Bounds [0,1]: [PASSED]
2026-06-29 12:53:03 - INFO -     -> EEA_1km_Broadleaved Bounds [0,1]: [PASSED]
2026-06-29 12:53:03 - INFO -     -> EEA_1km_Coniferous Bounds [0,1]: [PASSED]
2026-06-29 12:53:03 - INFO -     -> Aggregate Sum <= 100%: [PASSED]
2026-06-29 12:53:03 - INFO - 
--- Validating: TCF | Tree_Cover_Density | 2018 ---
2026-06-29 12:53:03 - INFO -     -> Math Check (Min <= Avg): [PASSED]
2026-06-29 12:53:03 - INFO -     -> Math Check (Avg <= RMS): [PASSED]
2026-06-29 12:53:03 - INFO -     -> Math Check (RMS <= Max): [PASSED]
2026-06-29 12:53:03 - INFO - 
--- Running Cross-Layer Dependencies ---
2026-06-29 12:53:03 - INFO - 
=== Global QA Sweep Complete: PASSED ===
2026-06-29 12:53:03 - INFO - Generating cloud-native STAC GeoParquet catalog for lake at: ./microlake
2026-06-29 12:53:03 - WARNING - Could not read metadata for footprint extraction on Dominant_Leaf_Type_2018_EEA_1km_All_non_tree_areas.tif: name 'box' is not defined
2026-06-29 12:53:03 - WARNING - Could not read metadata for footprint extraction on Dominant_Leaf_Type_2018_EEA_1km_Broadleaved.tif: name 'box' is not defined
2026-06-29 12:53:03 - WARNING - Could not read metadata for footprint extraction on Dominant_Leaf_Type_2018_EEA_1km_Coniferous.tif: name 'box' is not defined
2026-06-29 12:53:03 - WARNING - Could not read metadata for footprint extraction on Tree_Cover_Density_2018_EEA_1km_average.tif: name 'box' is not defined
2026-06-29 12:53:03 - WARNING - Could not read metadata for footprint extraction on Tree_Cover_Density_2018_EEA_1km_max.tif: name 'box' is not defined
2026-06-29 12:53:03 - WARNING - Could not read metadata for footprint extraction on Tree_Cover_Density_2018_EEA_1km_min.tif: name 'box' is not defined
2026-06-29 12:53:03 - WARNING - Could not read metadata for footprint extraction on Tree_Cover_Density_2018_EEA_1km_rms.tif: name 'box' is not defined
2026-06-29 12:53:03 - WARNING - No items found to inventory.
2026-06-29 12:58:51 - INFO - Authenticating WEkEO API and building query queue...
2026-06-29 12:58:53 - INFO - Successfully loaded pre-compiled inventory: 'wekeo_data_inventory.csv'
2026-06-29 12:58:54 - INFO - Queued: Dominant Leaf Type (2018) at 10m
2026-06-29 12:58:54 - INFO - 
==================================================
Building Lake Layer: Dominant_Leaf_Type_2018
==================================================
2026-06-29 12:58:54 - INFO - ====EO:EEA:DAT:HRL:TCF====
2026-06-29 12:58:54 - INFO - Executing search query...
    {
        "dataset_id": "EO:EEA:DAT:HRL:TCF",
        "bbox": [
            2.633851,
            47.26432,
            9.377641,
            51.412912
        ],
        "productType": "Dominant Leaf Type",
        "resolution": "10m",
        "year": "2018",
        "itemsPerPage": 200,
        "startIndex": 0
    }
2026-06-29 12:58:55 - INFO - Query returned 33 files. Handing off to HDA bulk downloader...
2026-06-29 13:03:15 - INFO - Found 33 zip files. Starting extraction...
2026-06-29 13:03:16 - INFO - All .tif files have been gathered successfully!
2026-06-29 13:03:16 - INFO - Found 33 files. Building VRT blueprint...
2026-06-29 13:03:17 - INFO - Virtual mosaic successfully saved to: ./microlake_2/raw/wekeo\EO_EEA_DAT_HRL_TCF\Dominant_Leaf_Type\tif_files\Dominant_Leaf_Type_2018.vrt
2026-06-29 13:03:17 - INFO - Initializing 'coverage' processing pipeline for VRT...
2026-06-29 13:03:17 - INFO - Processing spatial math for class: All_non_tree_areas
2026-06-29 13:03:17 - INFO - Streaming VRT blocks to calculate mask for class 0...
2026-06-29 13:05:03 - INFO - Preparing out-of-core reprojection to EEA_1km...
2026-06-29 13:05:03 - INFO - Utilizing 'average' resampling for reprojection.
2026-06-29 13:05:03 - INFO - Warping to C:\Users\niels\AppData\Local\Temp\temp_frac_f5oa1vfw.tif (Resampling: average)...
2026-06-29 13:05:35 - INFO - Reprojection complete.
2026-06-29 13:05:36 - INFO - Successfully baked COG: ./microlake_2\TCF\Dominant_Leaf_Type\coverage\Dominant_Leaf_Type_2018_EEA_1km_All_non_tree_areas.tif
2026-06-29 13:05:36 - WARNING - Could not delete temp file C:\Users\niels\AppData\Local\Temp\temp_frac_f5oa1vfw.tif: [WinError 32] The process cannot access the file because it is being used by another process: 'C:\\Users\\niels\\AppData\\Local\\Temp\\temp_frac_f5oa1vfw.tif'
2026-06-29 13:05:36 - INFO - Processing spatial math for class: Broadleaved
2026-06-29 13:05:36 - INFO - Streaming VRT blocks to calculate mask for class 1...
2026-06-29 13:08:26 - INFO - Preparing out-of-core reprojection to EEA_1km...
2026-06-29 13:08:26 - INFO - Utilizing 'average' resampling for reprojection.
2026-06-29 13:08:26 - INFO - Warping to C:\Users\niels\AppData\Local\Temp\temp_frac_kwz8fj8u.tif (Resampling: average)...
2026-06-29 13:09:19 - INFO - Reprojection complete.
2026-06-29 13:09:20 - INFO - Successfully baked COG: ./microlake_2\TCF\Dominant_Leaf_Type\coverage\Dominant_Leaf_Type_2018_EEA_1km_Broadleaved.tif
2026-06-29 13:09:20 - INFO - Processing spatial math for class: Coniferous
2026-06-29 13:09:20 - INFO - Streaming VRT blocks to calculate mask for class 2...
2026-06-29 13:13:43 - INFO - Preparing out-of-core reprojection to EEA_1km...
2026-06-29 13:13:43 - INFO - Utilizing 'average' resampling for reprojection.
2026-06-29 13:13:43 - INFO - Warping to C:\Users\niels\AppData\Local\Temp\temp_frac_sv9e_8da.tif (Resampling: average)...
2026-06-29 13:14:49 - INFO - Reprojection complete.
2026-06-29 13:14:50 - INFO - Successfully baked COG: ./microlake_2\TCF\Dominant_Leaf_Type\coverage\Dominant_Leaf_Type_2018_EEA_1km_Coniferous.tif
2026-06-29 13:14:51 - INFO - keep_raw is False. Purging raw data directory: ./microlake_2/raw/
2026-06-29 13:14:56 - INFO - Raw data successfully deleted.
2026-06-29 13:15:08 - INFO - 
=== Initiating Global QA Sweep on: c:\Users\niels\Documents\Repositories\BmC\scripts\datalake\microlake_2 ===
2026-06-29 13:15:08 - INFO - 
--- Validating: TCF | Dominant_Leaf_Type | 2018 ---
2026-06-29 13:15:08 - INFO -     -> EEA_1km_All_non_tree_areas Bounds [0,1]: [PASSED]
2026-06-29 13:15:08 - INFO -     -> EEA_1km_Broadleaved Bounds [0,1]: [PASSED]
2026-06-29 13:15:08 - INFO -     -> EEA_1km_Coniferous Bounds [0,1]: [PASSED]
2026-06-29 13:15:08 - INFO -     -> Aggregate Sum <= 100%: [PASSED]
2026-06-29 13:15:08 - INFO - 
--- Running Cross-Layer Dependencies ---
2026-06-29 13:15:08 - INFO - 
=== Global QA Sweep Complete: PASSED ===
2026-06-29 13:15:08 - INFO - Generating cloud-native STAC GeoParquet catalog for lake at: ./microlake_2
2026-06-29 13:15:08 - WARNING - Could not read metadata for footprint extraction on Dominant_Leaf_Type_2018_EEA_1km_All_non_tree_areas.tif: name 'box' is not defined
2026-06-29 13:15:08 - WARNING - Could not read metadata for footprint extraction on Dominant_Leaf_Type_2018_EEA_1km_Broadleaved.tif: name 'box' is not defined
2026-06-29 13:15:08 - WARNING - Could not read metadata for footprint extraction on Dominant_Leaf_Type_2018_EEA_1km_Coniferous.tif: name 'box' is not defined
2026-06-29 13:15:08 - WARNING - No items found to inventory.
