2026-06-29 13:20:50 - INFO - Authenticating WEkEO API and building query queue...
2026-06-29 13:20:53 - INFO - Successfully loaded pre-compiled inventory: 'wekeo_data_inventory.csv'
2026-06-29 13:20:53 - INFO - Queued: Dominant Leaf Type (2018) at 10m
2026-06-29 13:20:53 - INFO - 
==================================================
Building Lake Layer: Dominant_Leaf_Type_2018
==================================================
2026-06-29 13:20:53 - INFO - ====EO:EEA:DAT:HRL:TCF====
2026-06-29 13:20:53 - INFO - Executing search query...
    {
        "dataset_id": "EO:EEA:DAT:HRL:TCF",
        "bbox": [
            2.6,
            47.26432,
            9.4,
            51.412912
        ],
        "productType": "Dominant Leaf Type",
        "resolution": "10m",
        "year": "2018",
        "itemsPerPage": 200,
        "startIndex": 0
    }
2026-06-29 13:20:55 - INFO - Query returned 33 files. Handing off to HDA bulk downloader...
2026-06-29 13:25:23 - INFO - Found 33 zip files. Starting extraction...
2026-06-29 13:25:24 - INFO - All .tif files have been gathered successfully!
2026-06-29 13:25:24 - INFO - Found 33 files. Building VRT blueprint...
2026-06-29 13:25:24 - INFO - Virtual mosaic successfully saved to: ./microlake_3/raw/wekeo\EO_EEA_DAT_HRL_TCF\Dominant_Leaf_Type\tif_files\Dominant_Leaf_Type_2018.vrt
2026-06-29 13:25:24 - INFO - Initializing 'coverage' processing pipeline for VRT...
2026-06-29 13:25:24 - INFO - Processing spatial math for class: All_non_tree_areas
2026-06-29 13:25:25 - INFO - Streaming VRT blocks to calculate mask for class 0...
2026-06-29 13:27:08 - INFO - Preparing out-of-core reprojection to EEA_10km...
2026-06-29 13:27:08 - INFO - Utilizing 'average' resampling for reprojection.
2026-06-29 13:27:08 - INFO - Warping to C:\Users\niels\AppData\Local\Temp\temp_frac_c7k_k2nv.tif (Resampling: average)...
2026-06-29 13:27:41 - INFO - Reprojection complete.
2026-06-29 13:27:42 - INFO - Successfully baked COG: ./microlake_3\TCF\Dominant_Leaf_Type\coverage\Dominant_Leaf_Type_2018_EEA_10km_All_non_tree_areas.tif
2026-06-29 13:27:42 - WARNING - Could not delete temp file C:\Users\niels\AppData\Local\Temp\temp_frac_c7k_k2nv.tif: [WinError 32] The process cannot access the file because it is being used by another process: 'C:\\Users\\niels\\AppData\\Local\\Temp\\temp_frac_c7k_k2nv.tif'
2026-06-29 13:27:42 - INFO - Processing spatial math for class: Broadleaved
2026-06-29 13:27:42 - INFO - Streaming VRT blocks to calculate mask for class 1...
2026-06-29 13:29:17 - INFO - Preparing out-of-core reprojection to EEA_10km...
2026-06-29 13:29:17 - INFO - Utilizing 'average' resampling for reprojection.
2026-06-29 13:29:17 - INFO - Warping to C:\Users\niels\AppData\Local\Temp\temp_frac_ig7oac97.tif (Resampling: average)...
2026-06-29 13:29:41 - INFO - Reprojection complete.
2026-06-29 13:29:41 - INFO - Successfully baked COG: ./microlake_3\TCF\Dominant_Leaf_Type\coverage\Dominant_Leaf_Type_2018_EEA_10km_Broadleaved.tif
2026-06-29 13:29:41 - WARNING - Could not delete temp file C:\Users\niels\AppData\Local\Temp\temp_frac_ig7oac97.tif: [WinError 32] The process cannot access the file because it is being used by another process: 'C:\\Users\\niels\\AppData\\Local\\Temp\\temp_frac_ig7oac97.tif'
2026-06-29 13:29:41 - INFO - Processing spatial math for class: Coniferous
2026-06-29 13:29:41 - INFO - Streaming VRT blocks to calculate mask for class 2...
2026-06-29 13:31:24 - INFO - Preparing out-of-core reprojection to EEA_10km...
2026-06-29 13:31:24 - INFO - Utilizing 'average' resampling for reprojection.
2026-06-29 13:31:24 - INFO - Warping to C:\Users\niels\AppData\Local\Temp\temp_frac_s3lq4xby.tif (Resampling: average)...
2026-06-29 13:31:46 - INFO - Reprojection complete.
2026-06-29 13:31:46 - INFO - Successfully baked COG: ./microlake_3\TCF\Dominant_Leaf_Type\coverage\Dominant_Leaf_Type_2018_EEA_10km_Coniferous.tif
2026-06-29 13:31:46 - WARNING - Could not delete temp file C:\Users\niels\AppData\Local\Temp\temp_frac_s3lq4xby.tif: [WinError 32] The process cannot access the file because it is being used by another process: 'C:\\Users\\niels\\AppData\\Local\\Temp\\temp_frac_s3lq4xby.tif'
2026-06-29 13:31:47 - INFO - keep_raw is False. Purging raw data directory: ./microlake_3/raw/
2026-06-29 13:31:47 - INFO - Raw data successfully deleted.
2026-06-29 13:31:48 - INFO - 
=== Initiating Global QA Sweep on: c:\Users\niels\Documents\Repositories\BmC\scripts\datalake\microlake_3 ===
2026-06-29 13:31:48 - INFO - 
--- Validating: TCF | Dominant_Leaf_Type | 2018 ---
2026-06-29 13:31:48 - INFO -     -> EEA_10km_All_non_tree_areas Bounds [0,1]: [PASSED]
2026-06-29 13:31:48 - INFO -     -> EEA_10km_Broadleaved Bounds [0,1]: [PASSED]
2026-06-29 13:31:48 - INFO -     -> EEA_10km_Coniferous Bounds [0,1]: [PASSED]
2026-06-29 13:31:48 - INFO -     -> Aggregate Sum <= 100%: [PASSED]
2026-06-29 13:31:48 - INFO - 
--- Running Cross-Layer Dependencies ---
2026-06-29 13:31:48 - INFO - 
=== Global QA Sweep Complete: PASSED ===
2026-06-29 13:31:48 - INFO - Generating cloud-native STAC GeoParquet catalog for lake at: ./microlake_3
2026-06-29 13:31:48 - WARNING - Could not read metadata for footprint extraction on Dominant_Leaf_Type_2018_EEA_10km_All_non_tree_areas.tif: name 'box' is not defined
2026-06-29 13:31:48 - WARNING - Could not read metadata for footprint extraction on Dominant_Leaf_Type_2018_EEA_10km_Broadleaved.tif: name 'box' is not defined
2026-06-29 13:31:48 - WARNING - Could not read metadata for footprint extraction on Dominant_Leaf_Type_2018_EEA_10km_Coniferous.tif: name 'box' is not defined
2026-06-29 13:31:48 - WARNING - No items found to inventory.
