2026-06-19 16:03:36 - INFO - 
=== Initiating Out-of-Core Data Cube Generation ===
2026-06-19 16:03:36 - INFO - Intersecting configuration recipe against CHELSA inventory...
2026-06-19 16:03:36 - INFO - Reading GeoParquet catalog from: C:/Users/niels/Documents/Repositories/BmC/meta/chelsa_gp_stac/chelsa_master.parquet
2026-06-19 16:03:48 - INFO - GeoParquet Intersection successful: queued 438 target assets.
2026-06-19 16:03:48 - INFO - Resolving target grid base for CHELSA data cube generation...
2026-06-19 16:03:48 - INFO - Successfully mapped CHELSA processing to registry grid 'EEA_10km'.
2026-06-19 16:03:48 - INFO - 
--- Target Spatial Framework Initialized ---
2026-06-19 16:03:48 - INFO -   Master Grid : EEA_10km (EPSG:3035)
2026-06-19 16:03:48 - INFO -   Resolution  : 10000 (Native CRS Units)
2026-06-19 16:03:48 - INFO -   WGS84 Bounds: [MinLon: 5.4000, MinLat: 47.2078, MaxLon: 15.1786, MaxLat: 54.8144]
2026-06-19 16:03:48 - INFO -   Proj Bounds : [MinX: 3972483.99, MinY: 2677143.47, MaxX: 4713273.83, MaxY: 3535124.06]

2026-06-19 16:03:48 - INFO - Pinging '/vsicurl/https://os.unil.cloud.switch.ch/chelsa02/chelsa/global/daily/tas/2018/CHELSA_tas_01_01_2018_V.2.1.tif' to detect spatial metadata...
2026-06-19 16:03:49 - INFO - Detected Source CRS: EPSG:4326 | Res: 0.0083333333
2026-06-19 16:03:49 - INFO - Computing safe fetch envelope (EPSG:3035 -> EPSG:4326)...
2026-06-19 16:06:07 - INFO - Harmonizing and warping level 'daily' cubes in single-pass...
2026-06-19 16:06:18 - INFO - Sanitizing spatial geometry...
2026-06-19 16:06:18 - INFO - Preparing out-of-core reprojection to EEA_10km...
2026-06-19 16:06:18 - INFO - Utilizing 'bilinear' resampling for reprojection.
2026-06-19 16:06:18 - INFO - Lazy xarray object detected. Preparing for disk stream...
2026-06-19 16:06:18 - INFO - Sanitizing spatial geometry...
2026-06-19 16:07:07 - INFO - Warping to ./cubing_output/warp_cache\daily\tas_aligned.tif (Resampling: bilinear)...
2026-06-19 16:07:24 - INFO - Reprojection complete.
2026-06-19 16:07:24 - INFO - Harmonizing and warping level 'monthly' cubes in single-pass...
2026-06-19 16:07:24 - INFO - Sanitizing spatial geometry...
2026-06-19 16:07:24 - INFO - Preparing out-of-core reprojection to EEA_10km...
2026-06-19 16:07:24 - INFO - Utilizing 'bilinear' resampling for reprojection.
2026-06-19 16:07:24 - INFO - Lazy xarray object detected. Preparing for disk stream...
2026-06-19 16:07:24 - INFO - Sanitizing spatial geometry...
2026-06-19 16:07:25 - INFO - Warping to ./cubing_output/warp_cache\monthly\tas_aligned.tif (Resampling: bilinear)...
2026-06-19 16:07:26 - INFO - Reprojection complete.
2026-06-19 16:07:26 - INFO - Sanitizing spatial geometry...
2026-06-19 16:07:26 - INFO - Preparing out-of-core reprojection to EEA_10km...
2026-06-19 16:07:26 - INFO - Utilizing 'bilinear' resampling for reprojection.
2026-06-19 16:07:26 - INFO - Lazy xarray object detected. Preparing for disk stream...
2026-06-19 16:07:26 - INFO - Sanitizing spatial geometry...
2026-06-19 16:07:27 - INFO - Warping to ./cubing_output/warp_cache\monthly\vpd_aligned.tif (Resampling: bilinear)...
2026-06-19 16:07:27 - INFO - Reprojection complete.
2026-06-19 16:07:27 - INFO - Harmonizing and warping level 'climatologies' cubes in single-pass...
2026-06-19 16:07:28 - INFO - Sanitizing spatial geometry...
2026-06-19 16:07:28 - INFO - Preparing out-of-core reprojection to EEA_10km...
2026-06-19 16:07:28 - INFO - Utilizing 'average' resampling for reprojection.
2026-06-19 16:07:28 - INFO - Lazy xarray object detected. Preparing for disk stream...
2026-06-19 16:07:28 - INFO - Sanitizing spatial geometry...
2026-06-19 16:07:29 - INFO - Warping to ./cubing_output/warp_cache\climatologies\pr_aligned.tif (Resampling: average)...
2026-06-19 16:07:30 - INFO - Reprojection complete.
2026-06-19 16:07:31 - INFO - Sanitizing spatial geometry...
2026-06-19 16:07:31 - INFO - Preparing out-of-core reprojection to EEA_10km...
2026-06-19 16:07:31 - INFO - Utilizing 'bilinear' resampling for reprojection.
2026-06-19 16:07:31 - INFO - Lazy xarray object detected. Preparing for disk stream...
2026-06-19 16:07:31 - INFO - Sanitizing spatial geometry...
2026-06-19 16:07:32 - INFO - Warping to ./cubing_output/warp_cache\climatologies\tas_aligned.tif (Resampling: bilinear)...
2026-06-19 16:07:33 - INFO - Reprojection complete.
2026-06-19 16:07:33 - INFO - Harmonizing and warping level 'bioclim' cubes in single-pass...
2026-06-19 16:07:33 - INFO - Sanitizing spatial geometry...
2026-06-19 16:07:33 - INFO - Preparing out-of-core reprojection to EEA_10km...
2026-06-19 16:07:33 - INFO - Utilizing 'bilinear' resampling for reprojection.
2026-06-19 16:07:33 - INFO - Lazy xarray object detected. Preparing for disk stream...
2026-06-19 16:07:33 - INFO - Sanitizing spatial geometry...
2026-06-19 16:07:33 - INFO - Warping to ./cubing_output/warp_cache\bioclim\bio01_aligned.tif (Resampling: bilinear)...
2026-06-19 16:07:33 - INFO - Reprojection complete.
2026-06-19 16:07:33 - INFO - Sanitizing spatial geometry...
2026-06-19 16:07:33 - INFO - Preparing out-of-core reprojection to EEA_10km...
2026-06-19 16:07:33 - INFO - Utilizing 'average' resampling for reprojection.
2026-06-19 16:07:33 - INFO - Lazy xarray object detected. Preparing for disk stream...
2026-06-19 16:07:33 - INFO - Sanitizing spatial geometry...
2026-06-19 16:07:33 - INFO - Warping to ./cubing_output/warp_cache\bioclim\bio12_aligned.tif (Resampling: average)...
2026-06-19 16:07:33 - INFO - Reprojection complete.
2026-06-19 16:07:33 - INFO - === Data Cube Framework Generation Complete ===
