2026-04-21 00:28:25 - INFO - Successfully loaded configuration from: ../../config/level2/micro_lake.yaml
2026-04-21 00:28:25 - INFO - Lake root directory initialized at: .\micro_lake
2026-04-21 00:28:25 - INFO - Session log file created at: .\micro_lake\micro_lake.log
2026-04-21 00:28:25 - INFO - Target spatial grid safely resolved to: EEA_100m
2026-04-21 00:28:25 - INFO - Starting Data Lake Ingestion for: micro_lake
2026-04-21 00:28:27 - INFO - Successfully loaded pre-compiled inventory: 'wekeo_data_inventory.csv'
2026-04-21 00:28:27 - INFO - Queued: Grassland (2018) at 10m
2026-04-21 00:28:27 - INFO - Queued: Grassland (2019) at 10m
2026-04-21 00:28:27 - INFO - Queued: Grassland (2020) at 10m
2026-04-21 00:28:27 - INFO - Queued: Tree Cover Density (2018) at 10m
2026-04-21 00:28:27 - INFO - Queued: Tree Cover Density (2019) at 10m
2026-04-21 00:28:27 - INFO - Queued: Tree Cover Density (2020) at 10m
2026-04-21 00:28:27 - INFO - Queued: Forest Type (2018) at 10m
2026-04-21 00:28:27 - INFO - 
==================================================
Building Data Lake Layer: Grassland_2018
==================================================
2026-04-21 00:28:27 - INFO - ====EO:EEA:DAT:HRL:GRA====
2026-04-21 00:28:27 - INFO - Executing search query...
    {
        "dataset_id": "EO:EEA:DAT:HRL:GRA",
        "bbox": [
            5.6,
            50.9,
            5.8,
            51.1
        ],
        "productType": "Grassland",
        "resolution": "10m",
        "year": "2018",
        "itemsPerPage": 200,
        "startIndex": 0
    }
2026-04-21 00:28:28 - INFO - Downloading response to .\micro_lake\raw_downloads\wekeo\EO_EEA_DAT_HRL_GRA\Grassland...
2026-04-21 00:28:45 - INFO - Found 2 zip files. Starting extraction...
2026-04-21 00:28:45 - INFO - All .tif files have been gathered successfully!
2026-04-21 00:28:45 - INFO - Found 2 files. Building VRT blueprint...
2026-04-21 00:28:45 - INFO - Virtual mosaic successfully saved to: .\micro_lake\raw_downloads\wekeo\EO_EEA_DAT_HRL_GRA\Grassland\tif_files\Grassland_2018.vrt
2026-04-21 00:28:45 - INFO - Processing as Single-Band Categorical Fractions...
2026-04-21 00:28:45 - INFO - Initializing 'coverage' processing pipeline for VRT...
2026-04-21 00:28:45 - INFO - Lazy-loading categorical raster from path: .\micro_lake\raw_downloads\wekeo\EO_EEA_DAT_HRL_GRA\Grassland\tif_files\Grassland_2018.vrt
2026-04-21 00:28:45 - INFO - Calculating single-band fractions for 2 classes...
2026-04-21 00:28:45 - INFO - 
--- Processing Class: 0 (Non_grassland) ---
2026-04-21 00:28:45 - INFO - Streaming binary mask to disk...
2026-04-21 00:45:46 - INFO - Executing GDAL C++ Warp...
2026-04-21 00:45:46 - INFO - Preparing out-of-core reprojection to EEA_100m...
2026-04-21 00:45:46 - INFO - Utilizing 'average' resampling for reprojection.
2026-04-21 00:45:46 - INFO - Warping to .\micro_lake\GRA\Grassland\coverage\temp_warp_0.tif (Resampling: average)...
2026-04-21 00:45:49 - INFO - Reprojection complete.
2026-04-21 00:45:49 - INFO - Exporting to Cloud Optimized GeoTIFF: .\micro_lake\GRA\Grassland\coverage\Grassland_2018_EEA_100m_Non_grassland.tif
2026-04-21 00:46:16 - INFO - COG successfully generated.
2026-04-21 00:46:16 - INFO - 
--- Processing Class: 1 (Grassland) ---
2026-04-21 00:46:16 - INFO - Streaming binary mask to disk...
2026-04-21 01:06:25 - INFO - Executing GDAL C++ Warp...
2026-04-21 01:06:25 - INFO - Preparing out-of-core reprojection to EEA_100m...
2026-04-21 01:06:25 - INFO - Utilizing 'average' resampling for reprojection.
2026-04-21 01:06:25 - INFO - Warping to .\micro_lake\GRA\Grassland\coverage\temp_warp_1.tif (Resampling: average)...
2026-04-21 01:06:28 - INFO - Reprojection complete.
2026-04-21 01:06:28 - INFO - Exporting to Cloud Optimized GeoTIFF: .\micro_lake\GRA\Grassland\coverage\Grassland_2018_EEA_100m_Grassland.tif
2026-04-21 01:06:55 - INFO - COG successfully generated.
2026-04-21 01:06:56 - INFO - All 2 single-band fractional COGs baked into '.\micro_lake\GRA\Grassland\coverage'.
2026-04-21 01:06:56 - INFO - 
==================================================
Building Data Lake Layer: Grassland_2019
==================================================
2026-04-21 01:06:56 - INFO - ====EO:EEA:DAT:HRL:GRA====
2026-04-21 01:06:56 - INFO - Executing search query...
    {
        "dataset_id": "EO:EEA:DAT:HRL:GRA",
        "bbox": [
            5.6,
            50.9,
            5.8,
            51.1
        ],
        "productType": "Grassland",
        "resolution": "10m",
        "year": "2019",
        "itemsPerPage": 200,
        "startIndex": 0
    }
2026-04-21 01:06:58 - INFO - Downloading response to .\micro_lake\raw_downloads\wekeo\EO_EEA_DAT_HRL_GRA\Grassland...
2026-04-21 01:07:17 - INFO - Found 4 zip files. Starting extraction...
2026-04-21 01:07:18 - INFO - All .tif files have been gathered successfully!
2026-04-21 01:07:18 - INFO - Found 4 files. Building VRT blueprint...
2026-04-21 01:07:18 - INFO - Virtual mosaic successfully saved to: .\micro_lake\raw_downloads\wekeo\EO_EEA_DAT_HRL_GRA\Grassland\tif_files\Grassland_2019.vrt
2026-04-21 01:07:18 - INFO - Processing as Single-Band Categorical Fractions...
2026-04-21 01:07:18 - INFO - Initializing 'coverage' processing pipeline for VRT...
2026-04-21 01:07:18 - INFO - Lazy-loading categorical raster from path: .\micro_lake\raw_downloads\wekeo\EO_EEA_DAT_HRL_GRA\Grassland\tif_files\Grassland_2019.vrt
2026-04-21 01:07:18 - INFO - Calculating single-band fractions for 2 classes...
2026-04-21 01:07:18 - INFO - 
--- Processing Class: 0 (Non_grassland) ---
2026-04-21 01:07:18 - INFO - Streaming binary mask to disk...
2026-04-21 01:28:53 - INFO - Executing GDAL C++ Warp...
2026-04-21 01:28:53 - INFO - Preparing out-of-core reprojection to EEA_100m...
2026-04-21 01:28:53 - INFO - Utilizing 'average' resampling for reprojection.
2026-04-21 01:28:53 - INFO - Warping to .\micro_lake\GRA\Grassland\coverage\temp_warp_0.tif (Resampling: average)...
2026-04-21 01:28:55 - INFO - Reprojection complete.
2026-04-21 01:28:55 - INFO - Exporting to Cloud Optimized GeoTIFF: .\micro_lake\GRA\Grassland\coverage\Grassland_2019_EEA_100m_Non_grassland.tif
2026-04-21 01:29:23 - INFO - COG successfully generated.
2026-04-21 01:29:24 - INFO - 
--- Processing Class: 1 (Grassland) ---
2026-04-21 01:29:24 - INFO - Streaming binary mask to disk...
2026-04-21 01:50:56 - INFO - Executing GDAL C++ Warp...
2026-04-21 01:50:56 - INFO - Preparing out-of-core reprojection to EEA_100m...
2026-04-21 01:50:56 - INFO - Utilizing 'average' resampling for reprojection.
2026-04-21 01:50:56 - INFO - Warping to .\micro_lake\GRA\Grassland\coverage\temp_warp_1.tif (Resampling: average)...
2026-04-21 01:50:58 - INFO - Reprojection complete.
2026-04-21 01:50:58 - INFO - Exporting to Cloud Optimized GeoTIFF: .\micro_lake\GRA\Grassland\coverage\Grassland_2019_EEA_100m_Grassland.tif
2026-04-21 01:51:25 - INFO - COG successfully generated.
2026-04-21 01:51:25 - INFO - All 2 single-band fractional COGs baked into '.\micro_lake\GRA\Grassland\coverage'.
2026-04-21 01:51:26 - INFO - 
==================================================
Building Data Lake Layer: Grassland_2020
==================================================
2026-04-21 01:51:26 - INFO - ====EO:EEA:DAT:HRL:GRA====
2026-04-21 01:51:26 - INFO - Executing search query...
    {
        "dataset_id": "EO:EEA:DAT:HRL:GRA",
        "bbox": [
            5.6,
            50.9,
            5.8,
            51.1
        ],
        "productType": "Grassland",
        "resolution": "10m",
        "year": "2020",
        "itemsPerPage": 200,
        "startIndex": 0
    }
2026-04-21 01:51:28 - INFO - Downloading response to .\micro_lake\raw_downloads\wekeo\EO_EEA_DAT_HRL_GRA\Grassland...
2026-04-21 01:51:48 - INFO - Found 6 zip files. Starting extraction...
2026-04-21 01:51:48 - INFO - All .tif files have been gathered successfully!
2026-04-21 01:51:48 - INFO - Found 6 files. Building VRT blueprint...
2026-04-21 01:51:48 - INFO - Virtual mosaic successfully saved to: .\micro_lake\raw_downloads\wekeo\EO_EEA_DAT_HRL_GRA\Grassland\tif_files\Grassland_2020.vrt
2026-04-21 01:51:48 - INFO - Processing as Single-Band Categorical Fractions...
2026-04-21 01:51:48 - INFO - Initializing 'coverage' processing pipeline for VRT...
2026-04-21 01:51:48 - INFO - Lazy-loading categorical raster from path: .\micro_lake\raw_downloads\wekeo\EO_EEA_DAT_HRL_GRA\Grassland\tif_files\Grassland_2020.vrt
2026-04-21 01:51:48 - INFO - Calculating single-band fractions for 2 classes...
2026-04-21 01:51:48 - INFO - 
--- Processing Class: 0 (Non_grassland) ---
2026-04-21 01:51:48 - INFO - Streaming binary mask to disk...
2026-04-21 02:14:14 - INFO - Executing GDAL C++ Warp...
2026-04-21 02:14:14 - INFO - Preparing out-of-core reprojection to EEA_100m...
2026-04-21 02:14:14 - INFO - Utilizing 'average' resampling for reprojection.
2026-04-21 02:14:14 - INFO - Warping to .\micro_lake\GRA\Grassland\coverage\temp_warp_0.tif (Resampling: average)...
2026-04-21 02:14:17 - INFO - Reprojection complete.
2026-04-21 02:14:17 - INFO - Exporting to Cloud Optimized GeoTIFF: .\micro_lake\GRA\Grassland\coverage\Grassland_2020_EEA_100m_Non_grassland.tif
2026-04-21 02:14:43 - INFO - COG successfully generated.
2026-04-21 02:14:44 - INFO - 
--- Processing Class: 1 (Grassland) ---
2026-04-21 02:14:44 - INFO - Streaming binary mask to disk...
2026-04-21 02:37:25 - INFO - Executing GDAL C++ Warp...
2026-04-21 02:37:25 - INFO - Preparing out-of-core reprojection to EEA_100m...
2026-04-21 02:37:25 - INFO - Utilizing 'average' resampling for reprojection.
2026-04-21 02:37:25 - INFO - Warping to .\micro_lake\GRA\Grassland\coverage\temp_warp_1.tif (Resampling: average)...
2026-04-21 02:37:27 - INFO - Reprojection complete.
2026-04-21 02:37:28 - INFO - Exporting to Cloud Optimized GeoTIFF: .\micro_lake\GRA\Grassland\coverage\Grassland_2020_EEA_100m_Grassland.tif
2026-04-21 02:37:56 - INFO - COG successfully generated.
2026-04-21 02:37:56 - INFO - All 2 single-band fractional COGs baked into '.\micro_lake\GRA\Grassland\coverage'.
2026-04-21 02:37:56 - INFO - 
==================================================
Building Data Lake Layer: Tree_Cover_Density_2018
==================================================
2026-04-21 02:37:56 - INFO - ====EO:EEA:DAT:HRL:TCF====
2026-04-21 02:37:56 - INFO - Executing search query...
    {
        "dataset_id": "EO:EEA:DAT:HRL:TCF",
        "bbox": [
            5.6,
            50.9,
            5.8,
            51.1
        ],
        "productType": "Tree Cover Density",
        "resolution": "10m",
        "year": "2018",
        "itemsPerPage": 200,
        "startIndex": 0
    }
2026-04-21 02:37:58 - INFO - Downloading response to .\micro_lake\raw_downloads\wekeo\EO_EEA_DAT_HRL_TCF\Tree_Cover_Density...
2026-04-21 02:38:31 - INFO - Found 2 zip files. Starting extraction...
2026-04-21 02:38:32 - INFO - All .tif files have been gathered successfully!
2026-04-21 02:38:32 - INFO - Found 2 files. Building VRT blueprint...
2026-04-21 02:38:32 - INFO - Virtual mosaic successfully saved to: .\micro_lake\raw_downloads\wekeo\EO_EEA_DAT_HRL_TCF\Tree_Cover_Density\tif_files\Tree_Cover_Density_2018.vrt
2026-04-21 02:38:32 - INFO - Calculating: AVERAGE
2026-04-21 02:38:32 - INFO - Initializing 'reproject' processing pipeline for VRT...
2026-04-21 02:38:32 - INFO - Preparing out-of-core reprojection to EEA_100m...
2026-04-21 02:38:32 - INFO - Utilizing 'average' resampling for reprojection.
2026-04-21 02:38:32 - INFO - Warping to .\micro_lake\TCF\Tree_Cover_Density\average\temp_Tree_Cover_Density_2018_EEA_100m_average.tif (Resampling: average)...
2026-04-21 02:38:32 - INFO - Reprojection complete.
2026-04-21 02:38:32 - INFO - Exporting to Cloud Optimized GeoTIFF: .\micro_lake\TCF\Tree_Cover_Density\average\Tree_Cover_Density_2018_EEA_100m_average.tif
2026-04-21 02:38:50 - INFO - COG successfully generated.
2026-04-21 02:38:51 - INFO - Calculating: MAX
2026-04-21 02:38:51 - INFO - Initializing 'reproject' processing pipeline for VRT...
2026-04-21 02:38:51 - INFO - Preparing out-of-core reprojection to EEA_100m...
2026-04-21 02:38:51 - INFO - Utilizing 'max' resampling for reprojection.
2026-04-21 02:38:51 - INFO - Warping to .\micro_lake\TCF\Tree_Cover_Density\max\temp_Tree_Cover_Density_2018_EEA_100m_max.tif (Resampling: max)...
2026-04-21 02:38:51 - INFO - Reprojection complete.
2026-04-21 02:38:51 - INFO - Exporting to Cloud Optimized GeoTIFF: .\micro_lake\TCF\Tree_Cover_Density\max\Tree_Cover_Density_2018_EEA_100m_max.tif
2026-04-21 02:39:06 - INFO - COG successfully generated.
2026-04-21 02:39:06 - INFO - Calculating: MIN
2026-04-21 02:39:06 - INFO - Initializing 'reproject' processing pipeline for VRT...
2026-04-21 02:39:06 - INFO - Preparing out-of-core reprojection to EEA_100m...
2026-04-21 02:39:06 - INFO - Utilizing 'min' resampling for reprojection.
2026-04-21 02:39:06 - INFO - Warping to .\micro_lake\TCF\Tree_Cover_Density\min\temp_Tree_Cover_Density_2018_EEA_100m_min.tif (Resampling: min)...
2026-04-21 02:39:07 - INFO - Reprojection complete.
2026-04-21 02:39:07 - INFO - Exporting to Cloud Optimized GeoTIFF: .\micro_lake\TCF\Tree_Cover_Density\min\Tree_Cover_Density_2018_EEA_100m_min.tif
2026-04-21 02:39:22 - INFO - COG successfully generated.
2026-04-21 02:39:22 - INFO - Calculating: RMS
2026-04-21 02:39:22 - INFO - Initializing 'reproject' processing pipeline for VRT...
2026-04-21 02:39:22 - INFO - Preparing out-of-core reprojection to EEA_100m...
2026-04-21 02:39:22 - INFO - Utilizing 'rms' resampling for reprojection.
2026-04-21 02:39:22 - INFO - Warping to .\micro_lake\TCF\Tree_Cover_Density\rms\temp_Tree_Cover_Density_2018_EEA_100m_rms.tif (Resampling: rms)...
2026-04-21 02:39:22 - INFO - Reprojection complete.
2026-04-21 02:39:22 - INFO - Exporting to Cloud Optimized GeoTIFF: .\micro_lake\TCF\Tree_Cover_Density\rms\Tree_Cover_Density_2018_EEA_100m_rms.tif
2026-04-21 02:39:37 - INFO - COG successfully generated.
2026-04-21 02:39:38 - INFO - 
==================================================
Building Data Lake Layer: Tree_Cover_Density_2019
==================================================
2026-04-21 02:39:38 - INFO - ====EO:EEA:DAT:HRL:TCF====
2026-04-21 02:39:38 - INFO - Executing search query...
    {
        "dataset_id": "EO:EEA:DAT:HRL:TCF",
        "bbox": [
            5.6,
            50.9,
            5.8,
            51.1
        ],
        "productType": "Tree Cover Density",
        "resolution": "10m",
        "year": "2019",
        "itemsPerPage": 200,
        "startIndex": 0
    }
2026-04-21 02:39:39 - INFO - Downloading response to .\micro_lake\raw_downloads\wekeo\EO_EEA_DAT_HRL_TCF\Tree_Cover_Density...
2026-04-21 02:40:16 - INFO - Found 4 zip files. Starting extraction...
2026-04-21 02:40:17 - INFO - All .tif files have been gathered successfully!
2026-04-21 02:40:17 - INFO - Found 4 files. Building VRT blueprint...
2026-04-21 02:40:17 - INFO - Virtual mosaic successfully saved to: .\micro_lake\raw_downloads\wekeo\EO_EEA_DAT_HRL_TCF\Tree_Cover_Density\tif_files\Tree_Cover_Density_2019.vrt
2026-04-21 02:40:17 - INFO - Calculating: AVERAGE
2026-04-21 02:40:17 - INFO - Initializing 'reproject' processing pipeline for VRT...
2026-04-21 02:40:17 - INFO - Preparing out-of-core reprojection to EEA_100m...
2026-04-21 02:40:17 - INFO - Utilizing 'average' resampling for reprojection.
2026-04-21 02:40:18 - INFO - Warping to .\micro_lake\TCF\Tree_Cover_Density\average\temp_Tree_Cover_Density_2019_EEA_100m_average.tif (Resampling: average)...
2026-04-21 02:40:18 - INFO - Reprojection complete.
2026-04-21 02:40:18 - INFO - Exporting to Cloud Optimized GeoTIFF: .\micro_lake\TCF\Tree_Cover_Density\average\Tree_Cover_Density_2019_EEA_100m_average.tif
2026-04-21 02:40:35 - INFO - COG successfully generated.
2026-04-21 02:40:35 - INFO - Calculating: MAX
2026-04-21 02:40:35 - INFO - Initializing 'reproject' processing pipeline for VRT...
2026-04-21 02:40:35 - INFO - Preparing out-of-core reprojection to EEA_100m...
2026-04-21 02:40:35 - INFO - Utilizing 'max' resampling for reprojection.
2026-04-21 02:40:35 - INFO - Warping to .\micro_lake\TCF\Tree_Cover_Density\max\temp_Tree_Cover_Density_2019_EEA_100m_max.tif (Resampling: max)...
2026-04-21 02:40:35 - INFO - Reprojection complete.
2026-04-21 02:40:35 - INFO - Exporting to Cloud Optimized GeoTIFF: .\micro_lake\TCF\Tree_Cover_Density\max\Tree_Cover_Density_2019_EEA_100m_max.tif
2026-04-21 02:40:52 - INFO - COG successfully generated.
2026-04-21 02:40:53 - INFO - Calculating: MIN
2026-04-21 02:40:53 - INFO - Initializing 'reproject' processing pipeline for VRT...
2026-04-21 02:40:53 - INFO - Preparing out-of-core reprojection to EEA_100m...
2026-04-21 02:40:53 - INFO - Utilizing 'min' resampling for reprojection.
2026-04-21 02:40:53 - INFO - Warping to .\micro_lake\TCF\Tree_Cover_Density\min\temp_Tree_Cover_Density_2019_EEA_100m_min.tif (Resampling: min)...
2026-04-21 02:40:53 - INFO - Reprojection complete.
2026-04-21 02:40:53 - INFO - Exporting to Cloud Optimized GeoTIFF: .\micro_lake\TCF\Tree_Cover_Density\min\Tree_Cover_Density_2019_EEA_100m_min.tif
2026-04-21 02:41:08 - INFO - COG successfully generated.
2026-04-21 02:41:08 - INFO - Calculating: RMS
2026-04-21 02:41:08 - INFO - Initializing 'reproject' processing pipeline for VRT...
2026-04-21 02:41:08 - INFO - Preparing out-of-core reprojection to EEA_100m...
2026-04-21 02:41:08 - INFO - Utilizing 'rms' resampling for reprojection.
2026-04-21 02:41:08 - INFO - Warping to .\micro_lake\TCF\Tree_Cover_Density\rms\temp_Tree_Cover_Density_2019_EEA_100m_rms.tif (Resampling: rms)...
2026-04-21 02:41:08 - INFO - Reprojection complete.
2026-04-21 02:41:08 - INFO - Exporting to Cloud Optimized GeoTIFF: .\micro_lake\TCF\Tree_Cover_Density\rms\Tree_Cover_Density_2019_EEA_100m_rms.tif
2026-04-21 02:41:24 - INFO - COG successfully generated.
2026-04-21 02:41:24 - INFO - 
==================================================
Building Data Lake Layer: Tree_Cover_Density_2020
==================================================
2026-04-21 02:41:24 - INFO - ====EO:EEA:DAT:HRL:TCF====
2026-04-21 02:41:24 - INFO - Executing search query...
    {
        "dataset_id": "EO:EEA:DAT:HRL:TCF",
        "bbox": [
            5.6,
            50.9,
            5.8,
            51.1
        ],
        "productType": "Tree Cover Density",
        "resolution": "10m",
        "year": "2020",
        "itemsPerPage": 200,
        "startIndex": 0
    }
2026-04-21 02:41:26 - INFO - Downloading response to .\micro_lake\raw_downloads\wekeo\EO_EEA_DAT_HRL_TCF\Tree_Cover_Density...
2026-04-21 02:41:59 - INFO - Found 6 zip files. Starting extraction...
2026-04-21 02:42:01 - INFO - All .tif files have been gathered successfully!
2026-04-21 02:42:01 - INFO - Found 6 files. Building VRT blueprint...
2026-04-21 02:42:01 - INFO - Virtual mosaic successfully saved to: .\micro_lake\raw_downloads\wekeo\EO_EEA_DAT_HRL_TCF\Tree_Cover_Density\tif_files\Tree_Cover_Density_2020.vrt
2026-04-21 02:42:01 - INFO - Calculating: AVERAGE
2026-04-21 02:42:01 - INFO - Initializing 'reproject' processing pipeline for VRT...
2026-04-21 02:42:01 - INFO - Preparing out-of-core reprojection to EEA_100m...
2026-04-21 02:42:01 - INFO - Utilizing 'average' resampling for reprojection.
2026-04-21 02:42:01 - INFO - Warping to .\micro_lake\TCF\Tree_Cover_Density\average\temp_Tree_Cover_Density_2020_EEA_100m_average.tif (Resampling: average)...
2026-04-21 02:42:01 - INFO - Reprojection complete.
2026-04-21 02:42:01 - INFO - Exporting to Cloud Optimized GeoTIFF: .\micro_lake\TCF\Tree_Cover_Density\average\Tree_Cover_Density_2020_EEA_100m_average.tif
2026-04-21 02:42:17 - INFO - COG successfully generated.
2026-04-21 02:42:17 - INFO - Calculating: MAX
2026-04-21 02:42:17 - INFO - Initializing 'reproject' processing pipeline for VRT...
2026-04-21 02:42:17 - INFO - Preparing out-of-core reprojection to EEA_100m...
2026-04-21 02:42:17 - INFO - Utilizing 'max' resampling for reprojection.
2026-04-21 02:42:17 - INFO - Warping to .\micro_lake\TCF\Tree_Cover_Density\max\temp_Tree_Cover_Density_2020_EEA_100m_max.tif (Resampling: max)...
2026-04-21 02:42:17 - INFO - Reprojection complete.
2026-04-21 02:42:17 - INFO - Exporting to Cloud Optimized GeoTIFF: .\micro_lake\TCF\Tree_Cover_Density\max\Tree_Cover_Density_2020_EEA_100m_max.tif
2026-04-21 02:42:33 - INFO - COG successfully generated.
2026-04-21 02:42:33 - INFO - Calculating: MIN
2026-04-21 02:42:33 - INFO - Initializing 'reproject' processing pipeline for VRT...
2026-04-21 02:42:33 - INFO - Preparing out-of-core reprojection to EEA_100m...
2026-04-21 02:42:33 - INFO - Utilizing 'min' resampling for reprojection.
2026-04-21 02:42:33 - INFO - Warping to .\micro_lake\TCF\Tree_Cover_Density\min\temp_Tree_Cover_Density_2020_EEA_100m_min.tif (Resampling: min)...
2026-04-21 02:42:33 - INFO - Reprojection complete.
2026-04-21 02:42:33 - INFO - Exporting to Cloud Optimized GeoTIFF: .\micro_lake\TCF\Tree_Cover_Density\min\Tree_Cover_Density_2020_EEA_100m_min.tif
2026-04-21 02:42:49 - INFO - COG successfully generated.
2026-04-21 02:42:49 - INFO - Calculating: RMS
2026-04-21 02:42:49 - INFO - Initializing 'reproject' processing pipeline for VRT...
2026-04-21 02:42:49 - INFO - Preparing out-of-core reprojection to EEA_100m...
2026-04-21 02:42:49 - INFO - Utilizing 'rms' resampling for reprojection.
2026-04-21 02:42:49 - INFO - Warping to .\micro_lake\TCF\Tree_Cover_Density\rms\temp_Tree_Cover_Density_2020_EEA_100m_rms.tif (Resampling: rms)...
2026-04-21 02:42:49 - INFO - Reprojection complete.
2026-04-21 02:42:49 - INFO - Exporting to Cloud Optimized GeoTIFF: .\micro_lake\TCF\Tree_Cover_Density\rms\Tree_Cover_Density_2020_EEA_100m_rms.tif
2026-04-21 02:43:05 - INFO - COG successfully generated.
2026-04-21 02:43:05 - INFO - 
==================================================
Building Data Lake Layer: Forest_Type_2018
==================================================
2026-04-21 02:43:05 - INFO - ====EO:EEA:DAT:HRL:TCF====
2026-04-21 02:43:05 - INFO - Executing search query...
    {
        "dataset_id": "EO:EEA:DAT:HRL:TCF",
        "bbox": [
            5.6,
            50.9,
            5.8,
            51.1
        ],
        "productType": "Forest Type",
        "resolution": "10m",
        "year": "2018",
        "itemsPerPage": 200,
        "startIndex": 0
    }
2026-04-21 02:43:07 - INFO - Downloading response to .\micro_lake\raw_downloads\wekeo\EO_EEA_DAT_HRL_TCF\Forest_Type...
2026-04-21 02:43:26 - INFO - Found 2 zip files. Starting extraction...
2026-04-21 02:43:26 - INFO - All .tif files have been gathered successfully!
2026-04-21 02:43:26 - INFO - Found 2 files. Building VRT blueprint...
2026-04-21 02:43:26 - INFO - Virtual mosaic successfully saved to: .\micro_lake\raw_downloads\wekeo\EO_EEA_DAT_HRL_TCF\Forest_Type\tif_files\Forest_Type_2018.vrt
2026-04-21 02:43:26 - INFO - Processing as Single-Band Categorical Fractions...
2026-04-21 02:43:26 - INFO - Initializing 'coverage' processing pipeline for VRT...
2026-04-21 02:43:26 - INFO - Lazy-loading categorical raster from path: .\micro_lake\raw_downloads\wekeo\EO_EEA_DAT_HRL_TCF\Forest_Type\tif_files\Forest_Type_2018.vrt
2026-04-21 02:43:26 - INFO - Calculating single-band fractions for 3 classes...
2026-04-21 02:43:26 - INFO - 
--- Processing Class: 0 (Non_forest_areas) ---
2026-04-21 02:43:26 - INFO - Streaming binary mask to disk...
2026-04-21 03:03:42 - INFO - Executing GDAL C++ Warp...
2026-04-21 03:03:42 - INFO - Preparing out-of-core reprojection to EEA_100m...
2026-04-21 03:03:42 - INFO - Utilizing 'average' resampling for reprojection.
2026-04-21 03:03:42 - INFO - Warping to .\micro_lake\TCF\Forest_Type\coverage\temp_warp_0.tif (Resampling: average)...
2026-04-21 03:03:45 - INFO - Reprojection complete.
2026-04-21 03:03:45 - INFO - Exporting to Cloud Optimized GeoTIFF: .\micro_lake\TCF\Forest_Type\coverage\Forest_Type_2018_EEA_100m_Non_forest_areas.tif
2026-04-21 03:04:11 - INFO - COG successfully generated.
2026-04-21 03:04:11 - INFO - 
--- Processing Class: 1 (Broadleaved_forest) ---
2026-04-21 03:04:11 - INFO - Streaming binary mask to disk...
2026-04-21 03:24:41 - INFO - Executing GDAL C++ Warp...
2026-04-21 03:24:41 - INFO - Preparing out-of-core reprojection to EEA_100m...
2026-04-21 03:24:41 - INFO - Utilizing 'average' resampling for reprojection.
2026-04-21 03:24:41 - INFO - Warping to .\micro_lake\TCF\Forest_Type\coverage\temp_warp_1.tif (Resampling: average)...
2026-04-21 03:24:44 - INFO - Reprojection complete.
2026-04-21 03:24:44 - INFO - Exporting to Cloud Optimized GeoTIFF: .\micro_lake\TCF\Forest_Type\coverage\Forest_Type_2018_EEA_100m_Broadleaved_forest.tif
2026-04-21 03:25:13 - INFO - COG successfully generated.
2026-04-21 03:25:13 - INFO - 
--- Processing Class: 2 (Coniferous_forest) ---
2026-04-21 03:25:13 - INFO - Streaming binary mask to disk...
2026-04-21 03:45:28 - INFO - Executing GDAL C++ Warp...
2026-04-21 03:45:28 - INFO - Preparing out-of-core reprojection to EEA_100m...
2026-04-21 03:45:28 - INFO - Utilizing 'average' resampling for reprojection.
2026-04-21 03:45:28 - INFO - Warping to .\micro_lake\TCF\Forest_Type\coverage\temp_warp_2.tif (Resampling: average)...
2026-04-21 03:45:30 - INFO - Reprojection complete.
2026-04-21 03:45:31 - INFO - Exporting to Cloud Optimized GeoTIFF: .\micro_lake\TCF\Forest_Type\coverage\Forest_Type_2018_EEA_100m_Coniferous_forest.tif
2026-04-21 03:45:59 - INFO - COG successfully generated.
2026-04-21 03:45:59 - INFO - All 3 single-band fractional COGs baked into '.\micro_lake\TCF\Forest_Type\coverage'.
2026-04-21 03:46:00 - INFO - keep_raw is False. Purging raw data directory: .\micro_lake\raw_downloads
2026-04-21 03:46:00 - INFO - Raw data successfully deleted.
2026-04-21 03:46:00 - INFO - 
=== WEkEO Data Lake Ingestion Complete ===
